<?xml version="1.0" encoding="utf-8"?><testsuites name="pytest tests"><testsuite name="pytest" errors="0" failures="0" skipped="0" tests="110" time="22.805" timestamp="2026-07-19T23:22:12.194752-03:00" hostname="Goizinha"><testcase classname="src.modules.attack.tests.test_attack_integration.TestAttackIntegration" name="test_simulate_missing_fields" time="0.250" /><testcase classname="src.modules.attack.tests.test_attack_integration.TestAttackIntegration" name="test_simulate_with_components" time="0.015" /><testcase classname="src.modules.auth.tests.test_auth_unit.TestPasswordHashing" name="test_hash_produces_valid_bcrypt_string" time="0.293" /><testcase classname="src.modules.auth.tests.test_auth_unit.TestPasswordHashing" name="test_correct_password_passes_check" time="0.476" /><testcase classname="src.modules.auth.tests.test_auth_unit.TestPasswordHashing" name="test_wrong_password_fails_check" time="0.464" /><testcase classname="src.modules.auth.tests.test_auth_unit.TestPasswordHashing" name="test_different_salts_produce_different_hashes" time="0.492" /><testcase classname="src.modules.auth.tests.test_auth_unit.TestInviteService" name="test_validate_invite_missing_raises_app_error" time="0.004" /><testcase classname="src.modules.auth.tests.test_auth_unit.TestInviteService" name="test_validate_invite_used_raises_app_error" time="0.024" /><testcase classname="src.modules.auth.tests.test_auth_unit.TestInviteService" name="test_validate_invite_valid_returns_invite" time="0.003" /><testcase classname="src.modules.auth.tests.test_auth_unit.TestInviteService" name="test_create_invite_returns_code_and_role" time="0.004" /><testcase classname="src.modules.dashboard.tests.test_dashboard.TestDashboard" name="test_get_stats" time="0.022" /><testcase classname="src.modules.dashboard.tests.test_dashboard.TestDashboard" name="test_get_stats_requires_auth" time="0.006" /><testcase classname="src.modules.export.tests.test_export_unit.TestExportServiceUnit" name="test_export_json_format" time="0.005" /><testcase classname="src.modules.export.tests.test_export_unit.TestExportServiceUnit" name="test_export_empty_sections" time="0.003" /><testcase classname="src.modules.export.tests.test_export_unit.TestExportServiceUnit" name="test_export_pdf_generation" time="0.006" /><testcase classname="src.modules.export.tests.test_export_unit.TestExportServiceUnit" name="test_export_unsupported_format" time="0.006" /><testcase classname="src.modules.export.tests.test_export_unit.TestExportServiceUnit" name="test_pick_pt_label" time="0.001" /><testcase classname="src.modules.export.tests.test_export_unit.TestExportServiceUnit" name="test_pick_en_label" time="0.001" /><testcase classname="src.modules.export.tests.test_export_unit.TestExportServiceUnit" name="test_pick_fallback_to_pt" time="0.001" /><testcase classname="src.modules.export.tests.test_export_unit.TestExportServiceUnit" name="test_pick_empty" time="0.001" /><testcase classname="src.modules.hermes.tests.test_hermes_integration.TestHermesIntegration" name="test_get_config_authenticated" time="0.010" /><testcase classname="src.modules.hermes.tests.test_hermes_integration.TestHermesIntegration" name="test_get_config_no_config" time="0.008" /><testcase classname="src.modules.hermes.tests.test_hermes_integration.TestHermesIntegration" name="test_save_config" time="0.010" /><testcase classname="src.modules.hermes.tests.test_hermes_integration.TestHermesIntegration" name="test_chat_without_message" time="0.009" /><testcase classname="src.modules.inference.tests.test_dataset.TestDatasetUpload" name="test_upload_success" time="0.028" /><testcase classname="src.modules.inference.tests.test_dataset.TestDatasetUpload" name="test_upload_requires_auth" time="0.015" /><testcase classname="src.modules.inference.tests.test_dataset.TestDatasetEntries" name="test_list_entries" time="0.012" /><testcase classname="src.modules.inference.tests.test_dataset.TestDatasetEntries" name="test_list_entries_empty" time="0.014" /><testcase classname="src.modules.inference.tests.test_dataset.TestDatasetEntries" name="test_delete_entry" time="0.010" /><testcase classname="src.modules.inference.tests.test_dataset.TestDatasetEntries" name="test_delete_entry_not_found" time="0.007" /><testcase classname="src.modules.inference.tests.test_dataset.TestDatasetAugment" name="test_augment_entry_success" time="0.009" /><testcase classname="src.modules.inference.tests.test_dataset.TestDatasetAugment" name="test_augment_entry_not_found" time="0.008" /><testcase classname="src.modules.inference.tests.test_dataset.TestDatasetStats" name="test_get_stats" time="0.010" /><testcase classname="src.modules.inference.tests.test_inference.TestInferenceAnalyze" name="test_analyze_success" time="0.014" /><testcase classname="src.modules.inference.tests.test_inference.TestInferenceAnalyze" name="test_analyze_requires_auth" time="0.011" /><testcase classname="src.modules.inference.tests.test_inference.TestAnalyzeThreat" name="test_analyze_threat_success" time="0.015" /><testcase classname="src.modules.inference.tests.test_inference.TestInferenceReports" name="test_list_reports_empty" time="0.009" /><testcase classname="src.modules.inference.tests.test_inference.TestInferenceReports" name="test_list_reports_with_items" time="0.008" /><testcase classname="src.modules.inference.tests.test_inference.TestInferenceReports" name="test_get_report_found" time="0.009" /><testcase classname="src.modules.inference.tests.test_inference.TestInferenceReports" name="test_get_report_not_found" time="0.007" /><testcase classname="src.modules.inference.tests.test_inference.TestThreatReports" name="test_list_threat_reports" time="0.008" /><testcase classname="src.modules.inference.tests.test_inference.TestThreatReports" name="test_get_threat_report_found" time="0.008" /><testcase classname="src.modules.inference.tests.test_inference.TestThreatReports" name="test_get_threat_report_not_found" time="0.009" /><testcase classname="src.modules.inference.tests.test_kb.TestKBVulnerabilities" name="test_list_vulnerabilities" time="0.010" /><testcase classname="src.modules.inference.tests.test_kb.TestKBVulnerabilities" name="test_list_vulnerabilities_filtered" time="0.021" /><testcase classname="src.modules.inference.tests.test_kb.TestKBVulnerabilities" name="test_list_vulnerabilities_empty" time="0.010" /><testcase classname="src.modules.inference.tests.test_kb.TestKBVulnerabilities" name="test_list_vulnerabilities_requires_auth" time="0.006" /><testcase classname="src.modules.inference.tests.test_kb.TestKBCountermeasures" name="test_list_countermeasures" time="0.010" /><testcase classname="src.modules.inference.tests.test_kb.TestKBCountermeasures" name="test_list_countermeasures_filtered" time="0.010" /><testcase classname="src.modules.inference.tests.test_training.TestTraining" name="test_start_training" time="0.012" /><testcase classname="src.modules.inference.tests.test_training.TestTraining" name="test_start_training_requires_auth" time="0.008" /><testcase classname="src.modules.inference.tests.test_training.TestTraining" name="test_list_models" time="0.010" /><testcase classname="src.modules.inference.tests.test_training.TestTraining" name="test_list_models_empty" time="0.009" /><testcase classname="src.modules.inference.tests.test_training.TestTraining" name="test_get_model_found" time="0.010" /><testcase classname="src.modules.inference.tests.test_training.TestTraining" name="test_get_model_not_found" time="0.008" /><testcase classname="src.modules.inference.tests.test_training.TestTraining" name="test_activate_model" time="0.010" /><testcase classname="src.tests.test_functional_inference_flow.TestInferenceFunctionalFlow" name="test_full_inference_flow" time="0.014" /><testcase classname="src.tests.test_functional_inference_flow.TestInferenceFunctionalFlow" name="test_export_all_formats" time="0.020" /><testcase classname="src.tests.test_functional_inference_flow.TestInferenceFunctionalFlow" name="test_export_zip" time="0.014" /><testcase classname="src.tests.test_integration_auth.TestAuthIntegration" name="test_health_check" time="0.006" /><testcase classname="src.tests.test_integration_auth.TestAuthIntegration" name="test_login_missing_fields" time="0.008" /><testcase classname="src.tests.test_integration_auth.TestAuthIntegration" name="test_login_invalid_credentials" time="0.046" /><testcase classname="src.tests.test_integration_auth.TestAuthIntegration" name="test_register_missing_fields" time="0.009" /><testcase classname="src.tests.test_integration_auth.TestAuthIntegration" name="test_refresh_no_token" time="0.006" /><testcase classname="src.tests.test_integration_auth.TestAuthIntegration" name="test_logout" time="0.011" /><testcase classname="src.tests.test_integration_auth.TestAuthIntegration" name="test_get_profile_authenticated" time="0.013" /><testcase classname="src.tests.test_integration_auth.TestAuthIntegration" name="test_get_profile_unauthenticated" time="0.007" /><testcase classname="src.tests.test_integration_auth.TestAuthIntegration" name="test_usage_tick_authenticated" time="0.011" /><testcase classname="src.tests.test_integration_auth.TestAuthIntegration" name="test_usage_time_authenticated" time="0.010" /><testcase classname="src.tests.test_integration_auth.TestAuthIntegration" name="test_generate_invite_as_admin" time="0.013" /><testcase classname="src.tests.test_integration_auth.TestAuthIntegration" name="test_generate_invite_unauthenticated" time="0.007" /><testcase classname="src.tests.test_integration_auth.TestAuthIntegration" name="test_update_profile" time="0.012" /><testcase classname="src.tests.test_integration_register_refresh.TestRegisterFlow" name="test_register_with_valid_invite" time="0.362" /><testcase classname="src.tests.test_integration_register_refresh.TestRegisterFlow" name="test_register_missing_invite_code" time="0.006" /><testcase classname="src.tests.test_integration_register_refresh.TestRegisterFlow" name="test_register_missing_email" time="0.006" /><testcase classname="src.tests.test_integration_register_refresh.TestRegisterFlow" name="test_register_short_name" time="0.008" /><testcase classname="src.tests.test_integration_register_refresh.TestRegisterFlow" name="test_register_short_password" time="0.007" /><testcase classname="src.tests.test_integration_register_refresh.TestRegisterFlow" name="test_register_invalid_invite" time="0.009" /><testcase classname="src.tests.test_integration_register_refresh.TestRegisterFlow" name="test_register_used_invite" time="0.007" /><testcase classname="src.tests.test_integration_register_refresh.TestRegisterFlow" name="test_register_duplicate_email" time="0.009" /><testcase classname="src.tests.test_integration_register_refresh.TestTokenRefresh" name="test_refresh_with_no_body" time="0.005" /><testcase classname="src.tests.test_integration_register_refresh.TestTokenRefresh" name="test_refresh_with_invalid_token" time="0.005" /><testcase classname="src.tests.test_integration_register_refresh.TestTokenRefresh" name="test_refresh_with_mismatched_stored_token" time="0.011" /><testcase classname="src.tests.test_integration_register_refresh.TestLogout" name="test_logout_returns_ok" time="0.009" /><testcase classname="src.tests.test_integration_register_refresh.TestLogout" name="test_logout_authenticated_clears_token" time="0.011" /><testcase classname="src.tests.test_integration_register_refresh.TestInviteGeneration" name="test_invite_requires_auth" time="0.006" /><testcase classname="src.tests.test_integration_register_refresh.TestInviteGeneration" name="test_invite_authenticated_returns_code" time="0.014" /><testcase classname="src.tests.test_phase2_inference_training.TestCompareArchitectures" name="test_compare_returns_comparison_result" time="0.183" /><testcase classname="src.tests.test_phase2_inference_training.TestCompareArchitectures" name="test_compare_missing_files" time="0.021" /><testcase classname="src.tests.test_phase2_inference_training.TestCompareArchitectures" name="test_compare_single_file" time="0.016" /><testcase classname="src.tests.test_phase2_inference_training.TestSuggestArchitecture" name="test_suggest_returns_suggestions" time="0.020" /><testcase classname="src.tests.test_phase2_inference_training.TestSuggestArchitecture" name="test_suggest_missing_files" time="0.009" /><testcase classname="src.tests.test_phase2_inference_training.TestSuggestArchitecture" name="test_suggest_unauthenticated" time="0.020" /><testcase classname="src.tests.test_phase2_inference_training.TestFineTune" name="test_fine_tune_default_epochs" time="0.010" /><testcase classname="src.tests.test_phase2_inference_training.TestFineTune" name="test_fine_tune_custom_epochs" time="0.010" /><testcase classname="src.tests.test_phase2_inference_training.TestFineTune" name="test_fine_tune_invalid_payload" time="0.009" /><testcase classname="src.tests.test_phase2_inference_training.TestFineTune" name="test_fine_tune_unauthenticated" time="0.007" /><testcase classname="src.tests.test_unit_errors.TestErrorsUnit" name="test_app_error_default" time="0.002" /><testcase classname="src.tests.test_unit_errors.TestErrorsUnit" name="test_app_error_custom" time="0.001" /><testcase classname="src.tests.test_unit_errors.TestErrorsUnit" name="test_unauthorized_error" time="0.001" /><testcase classname="src.tests.test_unit_errors.TestErrorsUnit" name="test_unauthorized_error_custom" time="0.001" /><testcase classname="src.tests.test_unit_errors.TestErrorsUnit" name="test_forbidden_error" time="0.001" /><testcase classname="src.tests.test_unit_errors.TestErrorsUnit" name="test_not_found_error" time="0.001" /><testcase classname="src.tests.test_unit_errors.TestErrorsUnit" name="test_errors_are_exceptions" time="0.002" /><testcase classname="src.tests.test_unit_token.TestTokenUnit" name="test_generate_access_token" time="0.002" /><testcase classname="src.tests.test_unit_token.TestTokenUnit" name="test_generate_refresh_token" time="0.002" /><testcase classname="src.tests.test_unit_token.TestTokenUnit" name="test_verify_access_token_valid" time="0.002" /><testcase classname="src.tests.test_unit_token.TestTokenUnit" name="test_verify_refresh_token_valid" time="0.002" /><testcase classname="src.tests.test_unit_token.TestTokenUnit" name="test_verify_expired_token_raises" time="0.002" /><testcase classname="src.tests.test_unit_token.TestTokenUnit" name="test_access_token_expiry" time="0.004" /></testsuite></testsuites>